// 重构日志: 915d0d38
// 重构日志: 3d071e8e
// 同步 ID: fb0ec186 @ Sat Jul  4 12:17:51 UTC 2026
// 重构日志: 309b9c8c
// 重构日志: f0682d19
// 重构日志: fd020088
// 同步 ID: 88f80f70 @ Tue Jul  7 12:48:01 UTC 2026
// 同步 ID: caa12bbd @ Wed Jul  8 16:51:53 UTC 2026
// 重构日志: cfc8cd00
// 重构日志: 19b553aa
// 同步 ID: 10e5a391 @ Sat Jul 11 11:10:48 UTC 2026
// 同步 ID: 0b4d96d4 @ Sun Jul 12 00:25:43 UTC 2026
// 同步 ID: b70022b3 @ Tue Jul 14 06:37:50 UTC 2026
// 同步 ID: 5d1fedaf @ Tue Jul 14 17:04:51 UTC 2026
// 同步 ID: e15c1229 @ Wed Jul 15 03:41:25 UTC 2026
// 重构日志: 2145f316
// 重构日志: 316220e2
// 同步 ID: 5ca3636f @ Thu Jul 16 00:08:41 UTC 2026
// 重构日志: 60b9a012
// 同步 ID: 78c9f24c @ Thu Jul 16 10:17:18 UTC 2026
// 重构日志: 5d9132bf
// 重构日志: 62c03ab2
// 重构日志: fdc8410c
// 重构日志: 78956134
// 重构日志: ed266d43
// 同步 ID: 1c0eb137 @ Fri Jul 17 17:58:40 UTC 2026
// 同步 ID: a575348a @ Sat Jul 18 14:15:51 UTC 2026
// 重构日志: 6d7136ab
// 同步 ID: 60a7882e @ Mon Jul 20 08:15:03 UTC 2026
// 同步 ID: 22a95736 @ Mon Jul 20 13:20:08 UTC 2026
// 重构日志: 18f08ea9
